app/build/intermediates/manifest_merge_blame_file/debug/processDebugMainManifest/manifest-merger-blame-debug-report.txt
1<?xml version="1.0" encoding="utf-8"?>
2<manifest xmlns:android="http://schemas.android.com/apk/res/android"
3    package="com.unam.photocleaner"
4    android:versionCode="1"
5    android:versionName="1.0" >
6
7    <uses-sdk
8        android:minSdkVersion="26"
9        android:targetSdkVersion="35" />
10
11    <uses-permission android:name="android.permission.READ_MEDIA_IMAGES" />
11-->src/main/AndroidManifest.xml:4:5-76
11-->src/main/AndroidManifest.xml:4:22-73
12    <uses-permission
12-->src/main/AndroidManifest.xml:5:5-7:38
13        android:name="android.permission.READ_EXTERNAL_STORAGE"
13-->src/main/AndroidManifest.xml:6:9-64
14        android:maxSdkVersion="32" />
14-->src/main/AndroidManifest.xml:7:9-35
15    <uses-permission
15-->src/main/AndroidManifest.xml:8:5-9:38
16        android:name="android.permission.WRITE_EXTERNAL_STORAGE"
16-->src/main/AndroidManifest.xml:8:22-78
17        android:maxSdkVersion="29" />
17-->src/main/AndroidManifest.xml:9:9-35
18    <uses-permission android:name="android.permission.WAKE_LOCK" />
18-->[androidx.work:work-runtime:2.9.1] AndroidManifest.xml:23:5-68
18-->[androidx.work:work-runtime:2.9.1] AndroidManifest.xml:23:22-65
19    <uses-permission android:name="android.permission.ACCESS_NETWORK_STATE" />
19-->[androidx.work:work-runtime:2.9.1] AndroidManifest.xml:24:5-79
19-->[androidx.work:work-runtime:2.9.1] AndroidManifest.xml:24:22-76
20    <uses-permission android:name="android.permission.RECEIVE_BOOT_COMPLETED" />
20-->[androidx.work:work-runtime:2.9.1] AndroidManifest.xml:25:5-81
20-->[androidx.work:work-runtime:2.9.1] AndroidManifest.xml:25:22-78
21    <uses-permission android:name="android.permission.FOREGROUND_SERVICE" />
21-->[androidx.work:work-runtime:2.9.1] AndroidManifest.xml:26:5-77
21-->[androidx.work:work-runtime:2.9.1] AndroidManifest.xml:26:22-74
22
23    <permission
23-->[androidx.core:core:1.13.1] AndroidManifest.xml:22:5-24:47
24        android:name="com.unam.photocleaner.DYNAMIC_RECEIVER_NOT_EXPORTED_PERMISSION"
24-->[androidx.core:core:1.13.1] AndroidManifest.xml:23:9-81
25        android:protectionLevel="signature" />
25-->[androidx.core:core:1.13.1] AndroidManifest.xml:24:9-44
26
27    <uses-permission android:name="com.unam.photocleaner.DYNAMIC_RECEIVER_NOT_EXPORTED_PERMISSION" />
27-->[androidx.core:core:1.13.1] AndroidManifest.xml:26:5-97
27-->[androidx.core:core:1.13.1] AndroidManifest.xml:26:22-94
28
29    <application
29-->src/main/AndroidManifest.xml:11:5-30:19
30        android:name="com.unam.photocleaner.PhotoCleanerApp"
30-->src/main/AndroidManifest.xml:12:9-40
31        android:allowBackup="true"
31-->src/main/AndroidManifest.xml:13:9-35
32        android:appComponentFactory="androidx.core.app.CoreComponentFactory"
32-->[androidx.core:core:1.13.1] AndroidManifest.xml:28:18-86
33        android:debuggable="true"
34        android:extractNativeLibs="false"
35        android:icon="@mipmap/ic_launcher"
35-->src/main/AndroidManifest.xml:14:9-43
36        android:label="@string/app_name"
36-->src/main/AndroidManifest.xml:15:9-41
37        android:roundIcon="@mipmap/ic_launcher_round"
37-->src/main/AndroidManifest.xml:16:9-54
38        android:supportsRtl="true"
38-->src/main/AndroidManifest.xml:17:9-35
39        android:theme="@style/Theme.PhotoCleaner" >
39-->src/main/AndroidManifest.xml:18:9-50
40        <activity
40-->src/main/AndroidManifest.xml:20:9-28:20
41            android:name="com.unam.photocleaner.MainActivity"
41-->src/main/AndroidManifest.xml:21:13-41
42            android:exported="true"
42-->src/main/AndroidManifest.xml:22:13-36
43            android:theme="@style/Theme.PhotoCleaner" >
43-->src/main/AndroidManifest.xml:23:13-54
44            <intent-filter>
44-->src/main/AndroidManifest.xml:24:13-27:29
45                <action android:name="android.intent.action.MAIN" />
45-->src/main/AndroidManifest.xml:25:17-69
45-->src/main/AndroidManifest.xml:25:25-66
46
47                <category android:name="android.intent.category.LAUNCHER" />
47-->src/main/AndroidManifest.xml:26:17-77
47-->src/main/AndroidManifest.xml:26:27-74
48            </intent-filter>
49        </activity>
50
51        <provider
51-->[androidx.work:work-runtime:2.9.1] AndroidManifest.xml:29:9-37:20
52            android:name="androidx.startup.InitializationProvider"
52-->[androidx.work:work-runtime:2.9.1] AndroidManifest.xml:30:13-67
53            android:authorities="com.unam.photocleaner.androidx-startup"
53-->[androidx.work:work-runtime:2.9.1] AndroidManifest.xml:31:13-68
54            android:exported="false" >
54-->[androidx.work:work-runtime:2.9.1] AndroidManifest.xml:32:13-37
55            <meta-data
55-->[androidx.work:work-runtime:2.9.1] AndroidManifest.xml:34:13-36:52
56                android:name="androidx.work.WorkManagerInitializer"
56-->[androidx.work:work-runtime:2.9.1] AndroidManifest.xml:35:17-68
57                android:value="androidx.startup" />
57-->[androidx.work:work-runtime:2.9.1] AndroidManifest.xml:36:17-49
58            <meta-data
58-->[androidx.emoji2:emoji2:1.3.0] AndroidManifest.xml:29:13-31:52
59                android:name="androidx.emoji2.text.EmojiCompatInitializer"
59-->[androidx.emoji2:emoji2:1.3.0] AndroidManifest.xml:30:17-75
60                android:value="androidx.startup" />
60-->[androidx.emoji2:emoji2:1.3.0] AndroidManifest.xml:31:17-49
61            <meta-data
61-->[androidx.lifecycle:lifecycle-process:2.8.6] AndroidManifest.xml:29:13-31:52
62                android:name="androidx.lifecycle.ProcessLifecycleInitializer"
62-->[androidx.lifecycle:lifecycle-process:2.8.6] AndroidManifest.xml:30:17-78
63                android:value="androidx.startup" />
63-->[androidx.lifecycle:lifecycle-process:2.8.6] AndroidManifest.xml:31:17-49
64            <meta-data
64-->[androidx.profileinstaller:profileinstaller:1.3.1] AndroidManifest.xml:29:13-31:52
65                android:name="androidx.profileinstaller.ProfileInstallerInitializer"
65-->[androidx.profileinstaller:profileinstaller:1.3.1] AndroidManifest.xml:30:17-85
66                android:value="androidx.startup" />
66-->[androidx.profileinstaller:profileinstaller:1.3.1] AndroidManifest.xml:31:17-49
67        </provider>
68
69        <service
69-->[androidx.work:work-runtime:2.9.1] AndroidManifest.xml:39:9-45:35
70            android:name="androidx.work.impl.background.systemalarm.SystemAlarmService"
70-->[androidx.work:work-runtime:2.9.1] AndroidManifest.xml:40:13-88
71            android:directBootAware="false"
71-->[androidx.work:work-runtime:2.9.1] AndroidManifest.xml:41:13-44
72            android:enabled="@bool/enable_system_alarm_service_default"
72-->[androidx.work:work-runtime:2.9.1] AndroidManifest.xml:42:13-72
73            android:exported="false" />
73-->[androidx.work:work-runtime:2.9.1] AndroidManifest.xml:43:13-37
74        <service
74-->[androidx.work:work-runtime:2.9.1] AndroidManifest.xml:46:9-52:35
75            android:name="androidx.work.impl.background.systemjob.SystemJobService"
75-->[androidx.work:work-runtime:2.9.1] AndroidManifest.xml:47:13-84
76            android:directBootAware="false"
76-->[androidx.work:work-runtime:2.9.1] AndroidManifest.xml:48:13-44
77            android:enabled="@bool/enable_system_job_service_default"
77-->[androidx.work:work-runtime:2.9.1] AndroidManifest.xml:49:13-70
78            android:exported="true"
78-->[androidx.work:work-runtime:2.9.1] AndroidManifest.xml:50:13-36
79            android:permission="android.permission.BIND_JOB_SERVICE" />
79-->[androidx.work:work-runtime:2.9.1] AndroidManifest.xml:51:13-69
80        <service
80-->[androidx.work:work-runtime:2.9.1] AndroidManifest.xml:53:9-59:35
81            android:name="androidx.work.impl.foreground.SystemForegroundService"
81-->[androidx.work:work-runtime:2.9.1] AndroidManifest.xml:54:13-81
82            android:directBootAware="false"
82-->[androidx.work:work-runtime:2.9.1] AndroidManifest.xml:55:13-44
83            android:enabled="@bool/enable_system_foreground_service_default"
83-->[androidx.work:work-runtime:2.9.1] AndroidManifest.xml:56:13-77
84            android:exported="false" />
84-->[androidx.work:work-runtime:2.9.1] AndroidManifest.xml:57:13-37
85
86        <receiver
86-->[androidx.work:work-runtime:2.9.1] AndroidManifest.xml:61:9-66:35
87            android:name="androidx.work.impl.utils.ForceStopRunnable$BroadcastReceiver"
87-->[androidx.work:work-runtime:2.9.1] AndroidManifest.xml:62:13-88
88            android:directBootAware="false"
88-->[androidx.work:work-runtime:2.9.1] AndroidManifest.xml:63:13-44
89            android:enabled="true"
89-->[androidx.work:work-runtime:2.9.1] AndroidManifest.xml:64:13-35
90            android:exported="false" />
90-->[androidx.work:work-runtime:2.9.1] AndroidManifest.xml:65:13-37
91        <receiver
91-->[androidx.work:work-runtime:2.9.1] AndroidManifest.xml:67:9-77:20
92            android:name="androidx.work.impl.background.systemalarm.ConstraintProxy$BatteryChargingProxy"
92-->[androidx.work:work-runtime:2.9.1] AndroidManifest.xml:68:13-106
93            android:directBootAware="false"
93-->[androidx.work:work-runtime:2.9.1] AndroidManifest.xml:69:13-44
94            android:enabled="false"
94-->[androidx.work:work-runtime:2.9.1] AndroidManifest.xml:70:13-36
95            android:exported="false" >
95-->[androidx.work:work-runtime:2.9.1] AndroidManifest.xml:71:13-37
96            <intent-filter>
96-->[androidx.work:work-runtime:2.9.1] AndroidManifest.xml:73:13-76:29
97                <action android:name="android.intent.action.ACTION_POWER_CONNECTED" />
97-->[androidx.work:work-runtime:2.9.1] AndroidManifest.xml:74:17-87
97-->[androidx.work:work-runtime:2.9.1] AndroidManifest.xml:74:25-84
98                <action android:name="android.intent.action.ACTION_POWER_DISCONNECTED" />
98-->[androidx.work:work-runtime:2.9.1] AndroidManifest.xml:75:17-90
98-->[androidx.work:work-runtime:2.9.1] AndroidManifest.xml:75:25-87
99            </intent-filter>
100        </receiver>
101        <receiver
101-->[androidx.work:work-runtime:2.9.1] AndroidManifest.xml:78:9-88:20
102            android:name="androidx.work.impl.background.systemalarm.ConstraintProxy$BatteryNotLowProxy"
102-->[androidx.work:work-runtime:2.9.1] AndroidManifest.xml:79:13-104
103            android:directBootAware="false"
103-->[androidx.work:work-runtime:2.9.1] AndroidManifest.xml:80:13-44
104            android:enabled="false"
104-->[androidx.work:work-runtime:2.9.1] AndroidManifest.xml:81:13-36
105            android:exported="false" >
105-->[androidx.work:work-runtime:2.9.1] AndroidManifest.xml:82:13-37
106            <intent-filter>
106-->[androidx.work:work-runtime:2.9.1] AndroidManifest.xml:84:13-87:29
107                <action android:name="android.intent.action.BATTERY_OKAY" />
107-->[androidx.work:work-runtime:2.9.1] AndroidManifest.xml:85:17-77
107-->[androidx.work:work-runtime:2.9.1] AndroidManifest.xml:85:25-74
108                <action android:name="android.intent.action.BATTERY_LOW" />
108-->[androidx.work:work-runtime:2.9.1] AndroidManifest.xml:86:17-76
108-->[androidx.work:work-runtime:2.9.1] AndroidManifest.xml:86:25-73
109            </intent-filter>
110        </receiver>
111        <receiver
111-->[androidx.work:work-runtime:2.9.1] AndroidManifest.xml:89:9-99:20
112            android:name="androidx.work.impl.background.systemalarm.ConstraintProxy$StorageNotLowProxy"
112-->[androidx.work:work-runtime:2.9.1] AndroidManifest.xml:90:13-104
113            android:directBootAware="false"
113-->[androidx.work:work-runtime:2.9.1] AndroidManifest.xml:91:13-44
114            android:enabled="false"
114-->[androidx.work:work-runtime:2.9.1] AndroidManifest.xml:92:13-36
115            android:exported="false" >
115-->[androidx.work:work-runtime:2.9.1] AndroidManifest.xml:93:13-37
116            <intent-filter>
116-->[androidx.work:work-runtime:2.9.1] AndroidManifest.xml:95:13-98:29
117                <action android:name="android.intent.action.DEVICE_STORAGE_LOW" />
117-->[androidx.work:work-runtime:2.9.1] AndroidManifest.xml:96:17-83
117-->[androidx.work:work-runtime:2.9.1] AndroidManifest.xml:96:25-80
118                <action android:name="android.intent.action.DEVICE_STORAGE_OK" />
118-->[androidx.work:work-runtime:2.9.1] AndroidManifest.xml:97:17-82
118-->[androidx.work:work-runtime:2.9.1] AndroidManifest.xml:97:25-79
119            </intent-filter>
120        </receiver>
121        <receiver
121-->[androidx.work:work-runtime:2.9.1] AndroidManifest.xml:100:9-109:20
122            android:name="androidx.work.impl.background.systemalarm.ConstraintProxy$NetworkStateProxy"
122-->[androidx.work:work-runtime:2.9.1] AndroidManifest.xml:101:13-103
123            android:directBootAware="false"
123-->[androidx.work:work-runtime:2.9.1] AndroidManifest.xml:102:13-44
124            android:enabled="false"
124-->[androidx.work:work-runtime:2.9.1] AndroidManifest.xml:103:13-36
125            android:exported="false" >
125-->[androidx.work:work-runtime:2.9.1] AndroidManifest.xml:104:13-37
126            <intent-filter>
126-->[androidx.work:work-runtime:2.9.1] AndroidManifest.xml:106:13-108:29
127                <action android:name="android.net.conn.CONNECTIVITY_CHANGE" />
127-->[androidx.work:work-runtime:2.9.1] AndroidManifest.xml:107:17-79
127-->[androidx.work:work-runtime:2.9.1] AndroidManifest.xml:107:25-76
128            </intent-filter>
129        </receiver>
130        <receiver
130-->[androidx.work:work-runtime:2.9.1] AndroidManifest.xml:110:9-121:20
131            android:name="androidx.work.impl.background.systemalarm.RescheduleReceiver"
131-->[androidx.work:work-runtime:2.9.1] AndroidManifest.xml:111:13-88
132            android:directBootAware="false"
132-->[androidx.work:work-runtime:2.9.1] AndroidManifest.xml:112:13-44
133            android:enabled="false"
133-->[androidx.work:work-runtime:2.9.1] AndroidManifest.xml:113:13-36
134            android:exported="false" >
134-->[androidx.work:work-runtime:2.9.1] AndroidManifest.xml:114:13-37
135            <intent-filter>
135-->[androidx.work:work-runtime:2.9.1] AndroidManifest.xml:116:13-120:29
136                <action android:name="android.intent.action.BOOT_COMPLETED" />
136-->[androidx.work:work-runtime:2.9.1] AndroidManifest.xml:117:17-79
136-->[androidx.work:work-runtime:2.9.1] AndroidManifest.xml:117:25-76
137                <action android:name="android.intent.action.TIME_SET" />
137-->[androidx.work:work-runtime:2.9.1] AndroidManifest.xml:118:17-73
137-->[androidx.work:work-runtime:2.9.1] AndroidManifest.xml:118:25-70
138                <action android:name="android.intent.action.TIMEZONE_CHANGED" />
138-->[androidx.work:work-runtime:2.9.1] AndroidManifest.xml:119:17-81
138-->[androidx.work:work-runtime:2.9.1] AndroidManifest.xml:119:25-78
139            </intent-filter>
140        </receiver>
141        <receiver
141-->[androidx.work:work-runtime:2.9.1] AndroidManifest.xml:122:9-131:20
142            android:name="androidx.work.impl.background.systemalarm.ConstraintProxyUpdateReceiver"
142-->[androidx.work:work-runtime:2.9.1] AndroidManifest.xml:123:13-99
143            android:directBootAware="false"
143-->[androidx.work:work-runtime:2.9.1] AndroidManifest.xml:124:13-44
144            android:enabled="@bool/enable_system_alarm_service_default"
144-->[androidx.work:work-runtime:2.9.1] AndroidManifest.xml:125:13-72
145            android:exported="false" >
145-->[androidx.work:work-runtime:2.9.1] AndroidManifest.xml:126:13-37
146            <intent-filter>
146-->[androidx.work:work-runtime:2.9.1] AndroidManifest.xml:128:13-130:29
147                <action android:name="androidx.work.impl.background.systemalarm.UpdateProxies" />
147-->[androidx.work:work-runtime:2.9.1] AndroidManifest.xml:129:17-98
147-->[androidx.work:work-runtime:2.9.1] AndroidManifest.xml:129:25-95
148            </intent-filter>
149        </receiver>
150        <receiver
150-->[androidx.work:work-runtime:2.9.1] AndroidManifest.xml:132:9-142:20
151            android:name="androidx.work.impl.diagnostics.DiagnosticsReceiver"
151-->[androidx.work:work-runtime:2.9.1] AndroidManifest.xml:133:13-78
152            android:directBootAware="false"
152-->[androidx.work:work-runtime:2.9.1] AndroidManifest.xml:134:13-44
153            android:enabled="true"
153-->[androidx.work:work-runtime:2.9.1] AndroidManifest.xml:135:13-35
154            android:exported="true"
154-->[androidx.work:work-runtime:2.9.1] AndroidManifest.xml:136:13-36
155            android:permission="android.permission.DUMP" >
155-->[androidx.work:work-runtime:2.9.1] AndroidManifest.xml:137:13-57
156            <intent-filter>
156-->[androidx.work:work-runtime:2.9.1] AndroidManifest.xml:139:13-141:29
157                <action android:name="androidx.work.diagnostics.REQUEST_DIAGNOSTICS" />
157-->[androidx.work:work-runtime:2.9.1] AndroidManifest.xml:140:17-88
157-->[androidx.work:work-runtime:2.9.1] AndroidManifest.xml:140:25-85
158            </intent-filter>
159        </receiver>
160
161        <activity
161-->[androidx.compose.ui:ui-tooling-android:1.7.5] AndroidManifest.xml:23:9-25:39
162            android:name="androidx.compose.ui.tooling.PreviewActivity"
162-->[androidx.compose.ui:ui-tooling-android:1.7.5] AndroidManifest.xml:24:13-71
163            android:exported="true" />
163-->[androidx.compose.ui:ui-tooling-android:1.7.5] AndroidManifest.xml:25:13-36
164
165        <service
165-->[androidx.room:room-runtime:2.6.1] AndroidManifest.xml:24:9-28:63
166            android:name="androidx.room.MultiInstanceInvalidationService"
166-->[androidx.room:room-runtime:2.6.1] AndroidManifest.xml:25:13-74
167            android:directBootAware="true"
167-->[androidx.room:room-runtime:2.6.1] AndroidManifest.xml:26:13-43
168            android:exported="false" />
168-->[androidx.room:room-runtime:2.6.1] AndroidManifest.xml:27:13-37
169
170        <receiver
170-->[androidx.profileinstaller:profileinstaller:1.3.1] AndroidManifest.xml:34:9-52:20
171            android:name="androidx.profileinstaller.ProfileInstallReceiver"
171-->[androidx.profileinstaller:profileinstaller:1.3.1] AndroidManifest.xml:35:13-76
172            android:directBootAware="false"
172-->[androidx.profileinstaller:profileinstaller:1.3.1] AndroidManifest.xml:36:13-44
173            android:enabled="true"
173-->[androidx.profileinstaller:profileinstaller:1.3.1] AndroidManifest.xml:37:13-35
174            android:exported="true"
174-->[androidx.profileinstaller:profileinstaller:1.3.1] AndroidManifest.xml:38:13-36
175            android:permission="android.permission.DUMP" >
175-->[androidx.profileinstaller:profileinstaller:1.3.1] AndroidManifest.xml:39:13-57
176            <intent-filter>
176-->[androidx.profileinstaller:profileinstaller:1.3.1] AndroidManifest.xml:40:13-42:29
177                <action android:name="androidx.profileinstaller.action.INSTALL_PROFILE" />
177-->[androidx.profileinstaller:profileinstaller:1.3.1] AndroidManifest.xml:41:17-91
177-->[androidx.profileinstaller:profileinstaller:1.3.1] AndroidManifest.xml:41:25-88
178            </intent-filter>
179            <intent-filter>
179-->[androidx.profileinstaller:profileinstaller:1.3.1] AndroidManifest.xml:43:13-45:29
180                <action android:name="androidx.profileinstaller.action.SKIP_FILE" />
180-->[androidx.profileinstaller:profileinstaller:1.3.1] AndroidManifest.xml:44:17-85
180-->[androidx.profileinstaller:profileinstaller:1.3.1] AndroidManifest.xml:44:25-82
181            </intent-filter>
182            <intent-filter>
182-->[androidx.profileinstaller:profileinstaller:1.3.1] AndroidManifest.xml:46:13-48:29
183                <action android:name="androidx.profileinstaller.action.SAVE_PROFILE" />
183-->[androidx.profileinstaller:profileinstaller:1.3.1] AndroidManifest.xml:47:17-88
183-->[androidx.profileinstaller:profileinstaller:1.3.1] AndroidManifest.xml:47:25-85
184            </intent-filter>
185            <intent-filter>
185-->[androidx.profileinstaller:profileinstaller:1.3.1] AndroidManifest.xml:49:13-51:29
186                <action android:name="androidx.profileinstaller.action.BENCHMARK_OPERATION" />
186-->[androidx.profileinstaller:profileinstaller:1.3.1] AndroidManifest.xml:50:17-95
186-->[androidx.profileinstaller:profileinstaller:1.3.1] AndroidManifest.xml:50:25-92
187            </intent-filter>
188        </receiver>
189    </application>
190
191</manifest>